Traceback (most recent call last):
  File "/usr/share/miniconda/envs/aad-book/lib/python3.7/site-packages/jupyter_cache/executors/utils.py", line 56, in single_nb_execution
    record_timing=False,
  File "/usr/share/miniconda/envs/aad-book/lib/python3.7/site-packages/nbclient/client.py", line 1085, in execute
    return NotebookClient(nb=nb, resources=resources, km=km, **kwargs).execute()
  File "/usr/share/miniconda/envs/aad-book/lib/python3.7/site-packages/nbclient/util.py", line 84, in wrapped
    return just_run(coro(*args, **kwargs))
  File "/usr/share/miniconda/envs/aad-book/lib/python3.7/site-packages/nbclient/util.py", line 62, in just_run
    return loop.run_until_complete(coro)
  File "/usr/share/miniconda/envs/aad-book/lib/python3.7/asyncio/base_events.py", line 587, in run_until_complete
    return future.result()
  File "/usr/share/miniconda/envs/aad-book/lib/python3.7/site-packages/nbclient/client.py", line 552, in async_execute
    cell, index, execution_count=self.code_cells_executed + 1
  File "/usr/share/miniconda/envs/aad-book/lib/python3.7/site-packages/nbclient/client.py", line 846, in async_execute_cell
    self._check_raise_for_error(cell, exec_reply)
  File "/usr/share/miniconda/envs/aad-book/lib/python3.7/site-packages/nbclient/client.py", line 748, in _check_raise_for_error
    raise CellExecutionError.from_cell_and_msg(cell, exec_reply_content)
nbclient.exceptions.CellExecutionError: An error occurred while executing the following cell:
------------------
import sys, copy
sys.path.append('../../code')
from solutions.lane_detection.lane_detector import LaneDetector

model_path = "../../code/solutions/lane_detection/fastai_model.pth"
ld = LaneDetector(model_path=model_path)
------------------

[0;31m---------------------------------------------------------------------------[0m
[0;31mModuleNotFoundError[0m                       Traceback (most recent call last)
[0;32m/tmp/ipykernel_4820/2319919948.py[0m in [0;36m<module>[0;34m[0m
[1;32m      1[0m [0;32mimport[0m [0msys[0m[0;34m,[0m [0mcopy[0m[0;34m[0m[0;34m[0m[0m
[1;32m      2[0m [0msys[0m[0;34m.[0m[0mpath[0m[0;34m.[0m[0mappend[0m[0;34m([0m[0;34m'../../code'[0m[0;34m)[0m[0;34m[0m[0;34m[0m[0m
[0;32m----> 3[0;31m [0;32mfrom[0m [0msolutions[0m[0;34m.[0m[0mlane_detection[0m[0;34m.[0m[0mlane_detector[0m [0;32mimport[0m [0mLaneDetector[0m[0;34m[0m[0;34m[0m[0m
[0m[1;32m      4[0m [0;34m[0m[0m
[1;32m      5[0m [0mmodel_path[0m [0;34m=[0m [0;34m"../../code/solutions/lane_detection/fastai_model.pth"[0m[0;34m[0m[0;34m[0m[0m

[0;32m~/work/Algorithms-for-Automated-Driving/Algorithms-for-Automated-Driving/code/solutions/lane_detection/lane_detector.py[0m in [0;36m<module>[0;34m[0m
[1;32m      3[0m [0;32mimport[0m [0mcv2[0m[0;34m[0m[0;34m[0m[0m
[1;32m      4[0m [0;32mimport[0m [0mtorch[0m[0;34m[0m[0;34m[0m[0m
[0;32m----> 5[0;31m [0;32mfrom[0m [0mfastseg[0m [0;32mimport[0m [0mMobileV3Small[0m[0;34m[0m[0;34m[0m[0m
[0m[1;32m      6[0m [0;34m[0m[0m
[1;32m      7[0m [0;34m[0m[0m

[0;32m/usr/share/miniconda/envs/aad-book/lib/python3.7/site-packages/fastseg/__init__.py[0m in [0;36m<module>[0;34m[0m
[0;32m----> 1[0;31m [0;32mfrom[0m [0;34m.[0m[0mmodel[0m[0;34m.[0m[0mlraspp[0m [0;32mimport[0m [0mMobileV3Large[0m[0;34m,[0m [0mMobileV3Small[0m[0;34m[0m[0;34m[0m[0m
[0m
[0;32m/usr/share/miniconda/envs/aad-book/lib/python3.7/site-packages/fastseg/model/lraspp.py[0m in [0;36m<module>[0;34m[0m
[1;32m     10[0m [0;34m[0m[0m
[1;32m     11[0m [0;32mfrom[0m [0;34m.[0m[0mutils[0m [0;32mimport[0m [0mget_trunk[0m[0;34m,[0m [0mConvBnRelu[0m[0;34m[0m[0;34m[0m[0m
[0;32m---> 12[0;31m [0;32mfrom[0m [0;34m.[0m[0mbase[0m [0;32mimport[0m [0mBaseSegmentation[0m[0;34m[0m[0;34m[0m[0m
[0m[1;32m     13[0m [0;34m[0m[0m
[1;32m     14[0m [0;32mclass[0m [0mLRASPP[0m[0;34m([0m[0mBaseSegmentation[0m[0;34m)[0m[0;34m:[0m[0;34m[0m[0;34m[0m[0m

[0;32m/usr/share/miniconda/envs/aad-book/lib/python3.7/site-packages/fastseg/model/base.py[0m in [0;36m<module>[0;34m[0m
[1;32m      3[0m [0;32mimport[0m [0mtorch[0m[0;34m[0m[0;34m[0m[0m
[1;32m      4[0m [0;32mimport[0m [0mtorch[0m[0;34m.[0m[0mnn[0m [0;32mas[0m [0mnn[0m[0;34m[0m[0;34m[0m[0m
[0;32m----> 5[0;31m [0;32mfrom[0m [0mtorchvision[0m [0;32mimport[0m [0mtransforms[0m[0;34m[0m[0;34m[0m[0m
[0m[1;32m      6[0m [0;34m[0m[0m
[1;32m      7[0m MODEL_WEIGHTS_URL = {

[0;32m/usr/share/miniconda/envs/aad-book/lib/python3.7/site-packages/torchvision/__init__.py[0m in [0;36m<module>[0;34m[0m
[1;32m      4[0m [0;32mfrom[0m [0;34m.[0m[0mextension[0m [0;32mimport[0m [0m_HAS_OPS[0m[0;34m[0m[0;34m[0m[0m
[1;32m      5[0m [0;34m[0m[0m
[0;32m----> 6[0;31m [0;32mfrom[0m [0mtorchvision[0m [0;32mimport[0m [0mmodels[0m[0;34m[0m[0;34m[0m[0m
[0m[1;32m      7[0m [0;32mfrom[0m [0mtorchvision[0m [0;32mimport[0m [0mdatasets[0m[0;34m[0m[0;34m[0m[0m
[1;32m      8[0m [0;32mfrom[0m [0mtorchvision[0m [0;32mimport[0m [0mops[0m[0;34m[0m[0;34m[0m[0m

[0;32m/usr/share/miniconda/envs/aad-book/lib/python3.7/site-packages/torchvision/models/__init__.py[0m in [0;36m<module>[0;34m[0m
[1;32m      6[0m [0;32mfrom[0m [0;34m.[0m[0mdensenet[0m [0;32mimport[0m [0;34m*[0m[0;34m[0m[0;34m[0m[0m
[1;32m      7[0m [0;32mfrom[0m [0;34m.[0m[0mgooglenet[0m [0;32mimport[0m [0;34m*[0m[0;34m[0m[0;34m[0m[0m
[0;32m----> 8[0;31m [0;32mfrom[0m [0;34m.[0m[0mmobilenet[0m [0;32mimport[0m [0;34m*[0m[0;34m[0m[0;34m[0m[0m
[0m[1;32m      9[0m [0;32mfrom[0m [0;34m.[0m[0mmnasnet[0m [0;32mimport[0m [0;34m*[0m[0;34m[0m[0;34m[0m[0m
[1;32m     10[0m [0;32mfrom[0m [0;34m.[0m[0mshufflenetv2[0m [0;32mimport[0m [0;34m*[0m[0;34m[0m[0;34m[0m[0m

[0;32m/usr/share/miniconda/envs/aad-book/lib/python3.7/site-packages/torchvision/models/mobilenet.py[0m in [0;36m<module>[0;34m[0m
[0;32m----> 1[0;31m [0;32mfrom[0m [0;34m.[0m[0mmobilenetv2[0m [0;32mimport[0m [0mMobileNetV2[0m[0;34m,[0m [0mmobilenet_v2[0m[0;34m,[0m [0m__all__[0m [0;32mas[0m [0mmv2_all[0m[0;34m[0m[0;34m[0m[0m
[0m[1;32m      2[0m [0;32mfrom[0m [0;34m.[0m[0mmobilenetv3[0m [0;32mimport[0m [0mMobileNetV3[0m[0;34m,[0m [0mmobilenet_v3_large[0m[0;34m,[0m [0mmobilenet_v3_small[0m[0;34m,[0m [0m__all__[0m [0;32mas[0m [0mmv3_all[0m[0;34m[0m[0;34m[0m[0m
[1;32m      3[0m [0;34m[0m[0m
[1;32m      4[0m [0m__all__[0m [0;34m=[0m [0mmv2_all[0m [0;34m+[0m [0mmv3_all[0m[0;34m[0m[0;34m[0m[0m

[0;32m/usr/share/miniconda/envs/aad-book/lib/python3.7/site-packages/torchvision/models/mobilenetv2.py[0m in [0;36m<module>[0;34m[0m
[1;32m      6[0m [0;32mfrom[0m [0mtorch[0m [0;32mimport[0m [0mTensor[0m[0;34m[0m[0;34m[0m[0m
[1;32m      7[0m [0;32mfrom[0m [0;34m.[0m[0;34m.[0m[0m_internally_replaced_utils[0m [0;32mimport[0m [0mload_state_dict_from_url[0m[0;34m[0m[0;34m[0m[0m
[0;32m----> 8[0;31m [0;32mfrom[0m [0;34m.[0m[0;34m.[0m[0mops[0m[0;34m.[0m[0mmisc[0m [0;32mimport[0m [0mConvNormActivation[0m[0;34m[0m[0;34m[0m[0m
[0m[1;32m      9[0m [0;32mfrom[0m [0;34m.[0m[0m_utils[0m [0;32mimport[0m [0m_make_divisible[0m[0;34m[0m[0;34m[0m[0m
[1;32m     10[0m [0;32mfrom[0m [0mtyping[0m [0;32mimport[0m [0mCallable[0m[0;34m,[0m [0mAny[0m[0;34m,[0m [0mOptional[0m[0;34m,[0m [0mList[0m[0;34m[0m[0;34m[0m[0m

[0;32m/usr/share/miniconda/envs/aad-book/lib/python3.7/site-packages/torchvision/ops/__init__.py[0m in [0;36m<module>[0;34m[0m
[1;32m     10[0m [0;32mfrom[0m [0;34m.[0m[0mfeature_pyramid_network[0m [0;32mimport[0m [0mFeaturePyramidNetwork[0m[0;34m[0m[0;34m[0m[0m
[1;32m     11[0m [0;32mfrom[0m [0;34m.[0m[0mfocal_loss[0m [0;32mimport[0m [0msigmoid_focal_loss[0m[0;34m[0m[0;34m[0m[0m
[0;32m---> 12[0;31m [0;32mfrom[0m [0;34m.[0m[0mstochastic_depth[0m [0;32mimport[0m [0mstochastic_depth[0m[0;34m,[0m [0mStochasticDepth[0m[0;34m[0m[0;34m[0m[0m
[0m[1;32m     13[0m [0;34m[0m[0m
[1;32m     14[0m [0;32mfrom[0m [0;34m.[0m[0m_register_onnx_ops[0m [0;32mimport[0m [0m_register_custom_op[0m[0;34m[0m[0;34m[0m[0m

[0;32m/usr/share/miniconda/envs/aad-book/lib/python3.7/site-packages/torchvision/ops/stochastic_depth.py[0m in [0;36m<module>[0;34m[0m
[1;32m      1[0m [0;32mimport[0m [0mtorch[0m[0;34m[0m[0;34m[0m[0m
[0;32m----> 2[0;31m [0;32mimport[0m [0mtorch[0m[0;34m.[0m[0mfx[0m[0;34m[0m[0;34m[0m[0m
[0m[1;32m      3[0m [0;32mfrom[0m [0mtorch[0m [0;32mimport[0m [0mnn[0m[0;34m,[0m [0mTensor[0m[0;34m[0m[0;34m[0m[0m
[1;32m      4[0m [0;34m[0m[0m
[1;32m      5[0m [0;34m[0m[0m

[0;31mModuleNotFoundError[0m: No module named 'torch.fx'
ModuleNotFoundError: No module named 'torch.fx'

